Base path: C:/Program Files (x86)/Unity_4.6.9/Editor/Data
Pipe name: \\.\pipe\UnityShaderCompiler-1-8112
Cmd: getPlatforms
Cmd: preprocess
  insize=2870 outsize=1022 ok=1
Cmd: compileSnippet
  api=4 type=0 insize=2076 outsize=1697 kw= ok=1
Cmd: compileSnippet
  api=4 type=1 insize=2076 outsize=1851 kw= ok=1
Cmd: preprocess
  insize=1922 outsize=1011 ok=1
Cmd: compileSnippet
  api=4 type=0 insize=1164 outsize=1193 kw= ok=1
Cmd: compileSnippet
  api=4 type=1 insize=1164 outsize=1315 kw= ok=1
Cmd: preprocess
  insize=2654 outsize=1006 ok=1
Cmd: compileSnippet
  api=4 type=0 insize=1893 outsize=1428 kw= ok=1
Cmd: compileSnippet
  api=4 type=1 insize=1893 outsize=1883 kw= ok=1
Cmd: preprocess
  insize=2321 outsize=1020 ok=1
Cmd: compileSnippet
  api=4 type=0 insize=1543 outsize=1388 kw= ok=1
Cmd: compileSnippet
  api=4 type=1 insize=1543 outsize=1729 kw= ok=1
Cmd: preprocess
  insize=3245 outsize=1022 ok=1
Cmd: compileSnippet
  api=4 type=0 insize=2443 outsize=2078 kw= ok=1
Cmd: compileSnippet
  api=4 type=1 insize=2443 outsize=2192 kw= ok=1
